"Start of log file."
"C:/Users/LuaN/DOCUME~1/OUTLIN~1/neve/Assets/JogadorAnimado02.max"
"Starting max loading and fbx conversion"
window = undefined
"Settings units"
"Before fbx export"
"After fbx export"
"Finished max loading and fbx conversion"
"C:/Users/LuaN/DOCUME~1/OUTLIN~1/neve/Assets/JogadorAnimado02.max"
"Starting max loading and fbx conversion"
window = undefined
"Settings units"
"Before fbx export"
"After fbx export"
"Finished max loading and fbx conversion"
"C:/Users/LuaN/DOCUME~1/OUTLIN~1/neve/Assets/JogadorAnimado02.max"
"Starting max loading and fbx conversion"
window = undefined
"Settings units"
"Before fbx export"
"After fbx export"
"Finished max loading and fbx conversion"
"C:/Users/LuaN/DOCUME~1/OUTLIN~1/neve/Assets/JogadorAnimado02.max"
"Starting max loading and fbx conversion"
window = undefined
"Settings units"
"Before fbx export"
"After fbx export"
"Finished max loading and fbx conversion"
"C:/Users/LuaN/DOCUME~1/OUTLIN~1/neve/Assets/JogadorAnimado02.max"
"Starting max loading and fbx conversion"
window = undefined
"Settings units"
"Before fbx export"
"After fbx export"
"Finished max loading and fbx conversion"
"C:/Users/LuaN/DOCUME~1/OUTLIN~1/neve/Assets/JogadorAnimado02.max"
"Starting max loading and fbx conversion"
window = undefined
"Settings units"
"Before fbx export"
"After fbx export"
"Finished max loading and fbx conversion"
