Base path: C:/Program Files/Unity/Editor/Data
Pipe name: \\.\pipe\UnityShaderCompiler-64bit-1-57792
Cmd: getPlatforms
Cmd: compileSnippet
  api=4 type=0 insize=794 outsize=4402 kw=SHADOWS_DEPTH ok=1
Cmd: compileSnippet
  api=4 type=1 insize=794 outsize=453 kw=SHADOWS_DEPTH ok=1
Cmd: compileSnippet
  api=4 type=0 insize=619 outsize=4231 kw= ok=1
Cmd: compileSnippet
  api=4 type=1 insize=619 outsize=803 kw= ok=1
Cmd: compileSnippet
  api=4 type=0 insize=1004 outsize=4629 kw=SHADOWS_DEPTH ok=1
Cmd: compileSnippet
  api=4 type=1 insize=1004 outsize=884 kw=SHADOWS_DEPTH ok=1
Cmd: compileSnippet
  api=4 type=0 insize=631 outsize=4264 kw= ok=1
Cmd: compileSnippet
  api=4 type=1 insize=631 outsize=989 kw= ok=1
Cmd: compileSnippet
  api=4 type=0 insize=1106 outsize=1290 kw= ok=1
Cmd: compileSnippet
  api=4 type=1 insize=1106 outsize=1006 kw= ok=1
Cmd: compileSnippet
  api=4 type=0 insize=1109 outsize=1290 kw= ok=1
Cmd: compileSnippet
  api=4 type=1 insize=1109 outsize=1014 kw= ok=1
